# JRE version: OpenJDK Runtime Environment (10.0.2+13) (build 10.0.2+13-Ubuntu-1ubuntu0.18.04.4)
# Java VM: OpenJDK 64-Bit Server VM (10.0.2+13-Ubuntu-1ubuntu0.18.04.4, mixed mode, tiered, compressed oops, serial gc, linux-amd64)
Heap:
 def new generation   total 43840K, used 1584K [0x00000000e0c00000, 0x00000000e3b90000, 0x00000000eb2a0000)
  eden space 38976K,   2% used [0x00000000e0c00000, 0x00000000e0d204f8, 0x00000000e3210000)
  from space 4864K,   8% used [0x00000000e36d0000, 0x00000000e373bbb0, 0x00000000e3b90000)
  to   space 4864K,   0% used [0x00000000e3210000, 0x00000000e3210000, 0x00000000e36d0000)
 tenured generation   total 97224K, used 86920K [0x00000000eb2a0000, 0x00000000f1192000, 0x0000000100000000)
   the space 97224K,  89% used [0x00000000eb2a0000, 0x00000000f0782158, 0x00000000f0782200, 0x00000000f1192000)
 Metaspace       used 75114K, capacity 77245K, committed 77696K, reserved 1118208K
  class space    used 8474K, capacity 9255K, committed 9344K, reserved 1048576K
GC Heap History (10 events):
Event: 976.188 GC heap before
{Heap before GC invocations=725 (full 5):
 def new generation   total 43840K, used 39858K [0x00000000e0c00000, 0x00000000e3b90000, 0x00000000eb2a0000)
  eden space 38976K, 100% used [0x00000000e0c00000, 0x00000000e3210000, 0x00000000e3210000)
  from space 4864K,  18% used [0x00000000e3210000, 0x00000000e32ecbf8, 0x00000000e36d0000)
  to   space 4864K,   0% used [0x00000000e36d0000, 0x00000000e36d0000, 0x00000000e3b90000)
 tenured generation   total 97224K, used 86920K [0x00000000eb2a0000, 0x00000000f1192000, 0x0000000100000000)
   the space 97224K,  89% used [0x00000000eb2a0000, 0x00000000f0782158, 0x00000000f0782200, 0x00000000f1192000)
 Metaspace       used 75111K, capacity 77245K, committed 77696K, reserved 1118208K
  class space    used 8474K, capacity 9255K, committed 9344K, reserved 1048576K
}
Event: 976.222 GC heap after
{Heap after GC invocations=726 (full 5):
 def new generation   total 43840K, used 592K [0x00000000e0c00000, 0x00000000e3b90000, 0x00000000eb2a0000)
  eden space 38976K,   0% used [0x00000000e0c00000, 0x00000000e0c00000, 0x00000000e3210000)
  from space 4864K,  12% used [0x00000000e36d0000, 0x00000000e37641a8, 0x00000000e3b90000)
  to   space 4864K,   0% used [0x00000000e3210000, 0x00000000e3210000, 0x00000000e36d0000)
 tenured generation   total 97224K, used 86920K [0x00000000eb2a0000, 0x00000000f1192000, 0x0000000100000000)
   the space 97224K,  89% used [0x00000000eb2a0000, 0x00000000f0782158, 0x00000000f0782200, 0x00000000f1192000)
 Metaspace       used 75111K, capacity 77245K, committed 77696K, reserved 1118208K
  class space    used 8474K, capacity 9255K, committed 9344K, reserved 1048576K
}
Event: 976.956 GC heap before
{Heap before GC invocations=726 (full 5):
 def new generation   total 43840K, used 39568K [0x00000000e0c00000, 0x00000000e3b90000, 0x00000000eb2a0000)
  eden space 38976K, 100% used [0x00000000e0c00000, 0x00000000e3210000, 0x00000000e3210000)
  from space 4864K,  12% used [0x00000000e36d0000, 0x00000000e37641a8, 0x00000000e3b90000)
  to   space 4864K,   0% used [0x00000000e3210000, 0x00000000e3210000, 0x00000000e36d0000)
 tenured generation   total 97224K, used 86920K [0x00000000eb2a0000, 0x00000000f1192000, 0x0000000100000000)
   the space 97224K,  89% used [0x00000000eb2a0000, 0x00000000f0782158, 0x00000000f0782200, 0x00000000f1192000)
 Metaspace       used 75111K, capacity 77245K, committed 77696K, reserved 1118208K
  class space    used 8474K, capacity 9255K, committed 9344K, reserved 1048576K
}
Event: 976.963 GC heap after
{Heap after GC invocations=727 (full 5):
 def new generation   total 43840K, used 714K [0x00000000e0c00000, 0x00000000e3b90000, 0x00000000eb2a0000)
  eden space 38976K,   0% used [0x00000000e0c00000, 0x00000000e0c00000, 0x00000000e3210000)
  from space 4864K,  14% used [0x00000000e3210000, 0x00000000e32c2bd8, 0x00000000e36d0000)
  to   space 4864K,   0% used [0x00000000e36d0000, 0x00000000e36d0000, 0x00000000e3b90000)
 tenured generation   total 97224K, used 86920K [0x00000000eb2a0000, 0x00000000f1192000, 0x0000000100000000)
   the space 97224K,  89% used [0x00000000eb2a0000, 0x00000000f0782158, 0x00000000f0782200, 0x00000000f1192000)
 Metaspace       used 75111K, capacity 77245K, committed 77696K, reserved 1118208K
  class space    used 8474K, capacity 9255K, committed 9344K, reserved 1048576K
}
Event: 977.851 GC heap before
{Heap before GC invocations=727 (full 5):
 def new generation   total 43840K, used 39690K [0x00000000e0c00000, 0x00000000e3b90000, 0x00000000eb2a0000)
  eden space 38976K, 100% used [0x00000000e0c00000, 0x00000000e3210000, 0x00000000e3210000)
  from space 4864K,  14% used [0x00000000e3210000, 0x00000000e32c2bd8, 0x00000000e36d0000)
  to   space 4864K,   0% used [0x00000000e36d0000, 0x00000000e36d0000, 0x00000000e3b90000)
 tenured generation   total 97224K, used 86920K [0x00000000eb2a0000, 0x00000000f1192000, 0x0000000100000000)
   the space 97224K,  89% used [0x00000000eb2a0000, 0x00000000f0782158, 0x00000000f0782200, 0x00000000f1192000)
 Metaspace       used 75111K, capacity 77245K, committed 77696K, reserved 1118208K
  class space    used 8474K, capacity 9255K, committed 9344K, reserved 1048576K
}
Event: 977.871 GC heap after
{Heap after GC invocations=728 (full 5):
 def new generation   total 43840K, used 319K [0x00000000e0c00000, 0x00000000e3b90000, 0x00000000eb2a0000)
  eden space 38976K,   0% used [0x00000000e0c00000, 0x00000000e0c00000, 0x00000000e3210000)
  from space 4864K,   6% used [0x00000000e36d0000, 0x00000000e371fed0, 0x00000000e3b90000)
  to   space 4864K,   0% used [0x00000000e3210000, 0x00000000e3210000, 0x00000000e36d0000)
 tenured generation   total 97224K, used 86920K [0x00000000eb2a0000, 0x00000000f1192000, 0x0000000100000000)
   the space 97224K,  89% used [0x00000000eb2a0000, 0x00000000f0782158, 0x00000000f0782200, 0x00000000f1192000)
 Metaspace       used 75111K, capacity 77245K, committed 77696K, reserved 1118208K
  class space    used 8474K, capacity 9255K, committed 9344K, reserved 1048576K
}
Event: 978.470 GC heap before
{Heap before GC invocations=728 (full 5):
 def new generation   total 43840K, used 39295K [0x00000000e0c00000, 0x00000000e3b90000, 0x00000000eb2a0000)
  eden space 38976K, 100% used [0x00000000e0c00000, 0x00000000e3210000, 0x00000000e3210000)
  from space 4864K,   6% used [0x00000000e36d0000, 0x00000000e371fed0, 0x00000000e3b90000)
  to   space 4864K,   0% used [0x00000000e3210000, 0x00000000e3210000, 0x00000000e36d0000)
 tenured generation   total 97224K, used 86920K [0x00000000eb2a0000, 0x00000000f1192000, 0x0000000100000000)
   the space 97224K,  89% used [0x00000000eb2a0000, 0x00000000f0782158, 0x00000000f0782200, 0x00000000f1192000)
 Metaspace       used 75112K, capacity 77245K, committed 77696K, reserved 1118208K
  class space    used 8474K, capacity 9255K, committed 9344K, reserved 1048576K
}
Event: 978.473 GC heap after
{Heap after GC invocations=729 (full 5):
 def new generation   total 43840K, used 1147K [0x00000000e0c00000, 0x00000000e3b90000, 0x00000000eb2a0000)
  eden space 38976K,   0% used [0x00000000e0c00000, 0x00000000e0c00000, 0x00000000e3210000)
  from space 4864K,  23% used [0x00000000e3210000, 0x00000000e332ef18, 0x00000000e36d0000)
  to   space 4864K,   0% used [0x00000000e36d0000, 0x00000000e36d0000, 0x00000000e3b90000)
 tenured generation   total 97224K, used 86920K [0x00000000eb2a0000, 0x00000000f1192000, 0x0000000100000000)
   the space 97224K,  89% used [0x00000000eb2a0000, 0x00000000f0782158, 0x00000000f0782200, 0x00000000f1192000)
 Metaspace       used 75112K, capacity 77245K, committed 77696K, reserved 1118208K
  class space    used 8474K, capacity 9255K, committed 9344K, reserved 1048576K
}
Event: 979.419 GC heap before
{Heap before GC invocations=729 (full 5):
 def new generation   total 43840K, used 40123K [0x00000000e0c00000, 0x00000000e3b90000, 0x00000000eb2a0000)
  eden space 38976K, 100% used [0x00000000e0c00000, 0x00000000e3210000, 0x00000000e3210000)
  from space 4864K,  23% used [0x00000000e3210000, 0x00000000e332ef18, 0x00000000e36d0000)
  to   space 4864K,   0% used [0x00000000e36d0000, 0x00000000e36d0000, 0x00000000e3b90000)
 tenured generation   total 97224K, used 86920K [0x00000000eb2a0000, 0x00000000f1192000, 0x0000000100000000)
   the space 97224K,  89% used [0x00000000eb2a0000, 0x00000000f0782158, 0x00000000f0782200, 0x00000000f1192000)
 Metaspace       used 75113K, capacity 77245K, committed 77696K, reserved 1118208K
  class space    used 8474K, capacity 9255K, committed 9344K, reserved 1048576K
}
Event: 979.482 GC heap after
{Heap after GC invocations=730 (full 5):
 def new generation   total 43840K, used 430K [0x00000000e0c00000, 0x00000000e3b90000, 0x00000000eb2a0000)
  eden space 38976K,   0% used [0x00000000e0c00000, 0x00000000e0c00000, 0x00000000e3210000)
  from space 4864K,   8% used [0x00000000e36d0000, 0x00000000e373bbb0, 0x00000000e3b90000)
  to   space 4864K,   0% used [0x00000000e3210000, 0x00000000e3210000, 0x00000000e36d0000)
 tenured generation   total 97224K, used 86920K [0x00000000eb2a0000, 0x00000000f1192000, 0x0000000100000000)
   the space 97224K,  89% used [0x00000000eb2a0000, 0x00000000f0782158, 0x00000000f0782200, 0x00000000f1192000)
 Metaspace       used 75113K, capacity 77245K, committed 77696K, reserved 1118208K
  class space    used 8474K, capacity 9255K, committed 9344K, reserved 1048576K
}

