# JRE version: OpenJDK Runtime Environment (10.0.2+13) (build 10.0.2+13-Ubuntu-1ubuntu0.18.04.4)
# Java VM: OpenJDK 64-Bit Server VM (10.0.2+13-Ubuntu-1ubuntu0.18.04.4, mixed mode, tiered, compressed oops, serial gc, linux-amd64)
Heap:
 def new generation   total 47424K, used 42763K [0x00000000e0c00000, 0x00000000e3f70000, 0x00000000eb2a0000)
  eden space 42176K, 100% used [0x00000000e0c00000, 0x00000000e3530000, 0x00000000e3530000)
  from space 5248K,  11% used [0x00000000e3530000, 0x00000000e35c2db8, 0x00000000e3a50000)
  to   space 5248K,   0% used [0x00000000e3a50000, 0x00000000e3a50000, 0x00000000e3f70000)
 tenured generation   total 105176K, used 78869K [0x00000000eb2a0000, 0x00000000f1956000, 0x0000000100000000)
   the space 105176K,  74% used [0x00000000eb2a0000, 0x00000000effa5748, 0x00000000effa5800, 0x00000000f1956000)
 Metaspace       used 75278K, capacity 77246K, committed 77952K, reserved 1118208K
  class space    used 8442K, capacity 9187K, committed 9344K, reserved 1048576K
GC Heap History (10 events):
Event: 3764.911 GC heap before
{Heap before GC invocations=3631 (full 8):
 def new generation   total 47424K, used 43183K [0x00000000e0c00000, 0x00000000e3f70000, 0x00000000eb2a0000)
  eden space 42176K, 100% used [0x00000000e0c00000, 0x00000000e3530000, 0x00000000e3530000)
  from space 5248K,  19% used [0x00000000e3a50000, 0x00000000e3b4bf88, 0x00000000e3f70000)
  to   space 5248K,   0% used [0x00000000e3530000, 0x00000000e3530000, 0x00000000e3a50000)
 tenured generation   total 105176K, used 78866K [0x00000000eb2a0000, 0x00000000f1956000, 0x0000000100000000)
   the space 105176K,  74% used [0x00000000eb2a0000, 0x00000000effa49b0, 0x00000000effa4a00, 0x00000000f1956000)
 Metaspace       used 75278K, capacity 77246K, committed 77952K, reserved 1118208K
  class space    used 8442K, capacity 9187K, committed 9344K, reserved 1048576K
}
Event: 3764.940 GC heap after
{Heap after GC invocations=3632 (full 8):
 def new generation   total 47424K, used 1108K [0x00000000e0c00000, 0x00000000e3f70000, 0x00000000eb2a0000)
  eden space 42176K,   0% used [0x00000000e0c00000, 0x00000000e0c00000, 0x00000000e3530000)
  from space 5248K,  21% used [0x00000000e3530000, 0x00000000e3645230, 0x00000000e3a50000)
  to   space 5248K,   0% used [0x00000000e3a50000, 0x00000000e3a50000, 0x00000000e3f70000)
 tenured generation   total 105176K, used 78866K [0x00000000eb2a0000, 0x00000000f1956000, 0x0000000100000000)
   the space 105176K,  74% used [0x00000000eb2a0000, 0x00000000effa49b0, 0x00000000effa4a00, 0x00000000f1956000)
 Metaspace       used 75278K, capacity 77246K, committed 77952K, reserved 1118208K
  class space    used 8442K, capacity 9187K, committed 9344K, reserved 1048576K
}
Event: 3765.598 GC heap before
{Heap before GC invocations=3632 (full 8):
 def new generation   total 47424K, used 43284K [0x00000000e0c00000, 0x00000000e3f70000, 0x00000000eb2a0000)
  eden space 42176K, 100% used [0x00000000e0c00000, 0x00000000e3530000, 0x00000000e3530000)
  from space 5248K,  21% used [0x00000000e3530000, 0x00000000e3645230, 0x00000000e3a50000)
  to   space 5248K,   0% used [0x00000000e3a50000, 0x00000000e3a50000, 0x00000000e3f70000)
 tenured generation   total 105176K, used 78866K [0x00000000eb2a0000, 0x00000000f1956000, 0x0000000100000000)
   the space 105176K,  74% used [0x00000000eb2a0000, 0x00000000effa49b0, 0x00000000effa4a00, 0x00000000f1956000)
 Metaspace       used 75278K, capacity 77246K, committed 77952K, reserved 1118208K
  class space    used 8442K, capacity 9187K, committed 9344K, reserved 1048576K
}
Event: 3765.802 GC heap after
{Heap after GC invocations=3633 (full 8):
 def new generation   total 47424K, used 1599K [0x00000000e0c00000, 0x00000000e3f70000, 0x00000000eb2a0000)
  eden space 42176K,   0% used [0x00000000e0c00000, 0x00000000e0c00000, 0x00000000e3530000)
  from space 5248K,  30% used [0x00000000e3a50000, 0x00000000e3bdfef0, 0x00000000e3f70000)
  to   space 5248K,   0% used [0x00000000e3530000, 0x00000000e3530000, 0x00000000e3a50000)
 tenured generation   total 105176K, used 78866K [0x00000000eb2a0000, 0x00000000f1956000, 0x0000000100000000)
   the space 105176K,  74% used [0x00000000eb2a0000, 0x00000000effa49b0, 0x00000000effa4a00, 0x00000000f1956000)
 Metaspace       used 75278K, capacity 77246K, committed 77952K, reserved 1118208K
  class space    used 8442K, capacity 9187K, committed 9344K, reserved 1048576K
}
Event: 3766.450 GC heap before
{Heap before GC invocations=3633 (full 8):
 def new generation   total 47424K, used 43775K [0x00000000e0c00000, 0x00000000e3f70000, 0x00000000eb2a0000)
  eden space 42176K, 100% used [0x00000000e0c00000, 0x00000000e3530000, 0x00000000e3530000)
  from space 5248K,  30% used [0x00000000e3a50000, 0x00000000e3bdfef0, 0x00000000e3f70000)
  to   space 5248K,   0% used [0x00000000e3530000, 0x00000000e3530000, 0x00000000e3a50000)
 tenured generation   total 105176K, used 78866K [0x00000000eb2a0000, 0x00000000f1956000, 0x0000000100000000)
   the space 105176K,  74% used [0x00000000eb2a0000, 0x00000000effa49b0, 0x00000000effa4a00, 0x00000000f1956000)
 Metaspace       used 75278K, capacity 77246K, committed 77952K, reserved 1118208K
  class space    used 8442K, capacity 9187K, committed 9344K, reserved 1048576K
}
Event: 3766.493 GC heap after
{Heap after GC invocations=3634 (full 8):
 def new generation   total 47424K, used 1557K [0x00000000e0c00000, 0x00000000e3f70000, 0x00000000eb2a0000)
  eden space 42176K,   0% used [0x00000000e0c00000, 0x00000000e0c00000, 0x00000000e3530000)
  from space 5248K,  29% used [0x00000000e3530000, 0x00000000e36b5410, 0x00000000e3a50000)
  to   space 5248K,   0% used [0x00000000e3a50000, 0x00000000e3a50000, 0x00000000e3f70000)
 tenured generation   total 105176K, used 78867K [0x00000000eb2a0000, 0x00000000f1956000, 0x0000000100000000)
   the space 105176K,  74% used [0x00000000eb2a0000, 0x00000000effa4fc0, 0x00000000effa5000, 0x00000000f1956000)
 Metaspace       used 75278K, capacity 77246K, committed 77952K, reserved 1118208K
  class space    used 8442K, capacity 9187K, committed 9344K, reserved 1048576K
}
Event: 3767.063 GC heap before
{Heap before GC invocations=3634 (full 8):
 def new generation   total 47424K, used 43733K [0x00000000e0c00000, 0x00000000e3f70000, 0x00000000eb2a0000)
  eden space 42176K, 100% used [0x00000000e0c00000, 0x00000000e3530000, 0x00000000e3530000)
  from space 5248K,  29% used [0x00000000e3530000, 0x00000000e36b5410, 0x00000000e3a50000)
  to   space 5248K,   0% used [0x00000000e3a50000, 0x00000000e3a50000, 0x00000000e3f70000)
 tenured generation   total 105176K, used 78867K [0x00000000eb2a0000, 0x00000000f1956000, 0x0000000100000000)
   the space 105176K,  74% used [0x00000000eb2a0000, 0x00000000effa4fc0, 0x00000000effa5000, 0x00000000f1956000)
 Metaspace       used 75278K, capacity 77246K, committed 77952K, reserved 1118208K
  class space    used 8442K, capacity 9187K, committed 9344K, reserved 1048576K
}
Event: 3767.229 GC heap after
{Heap after GC invocations=3635 (full 8):
 def new generation   total 47424K, used 1639K [0x00000000e0c00000, 0x00000000e3f70000, 0x00000000eb2a0000)
  eden space 42176K,   0% used [0x00000000e0c00000, 0x00000000e0c00000, 0x00000000e3530000)
  from space 5248K,  31% used [0x00000000e3a50000, 0x00000000e3be9f68, 0x00000000e3f70000)
  to   space 5248K,   0% used [0x00000000e3530000, 0x00000000e3530000, 0x00000000e3a50000)
 tenured generation   total 105176K, used 78869K [0x00000000eb2a0000, 0x00000000f1956000, 0x0000000100000000)
   the space 105176K,  74% used [0x00000000eb2a0000, 0x00000000effa5608, 0x00000000effa5800, 0x00000000f1956000)
 Metaspace       used 75278K, capacity 77246K, committed 77952K, reserved 1118208K
  class space    used 8442K, capacity 9187K, committed 9344K, reserved 1048576K
}
Event: 3829.704 GC heap before
{Heap before GC invocations=3635 (full 8):
 def new generation   total 47424K, used 43815K [0x00000000e0c00000, 0x00000000e3f70000, 0x00000000eb2a0000)
  eden space 42176K, 100% used [0x00000000e0c00000, 0x00000000e3530000, 0x00000000e3530000)
  from space 5248K,  31% used [0x00000000e3a50000, 0x00000000e3be9f68, 0x00000000e3f70000)
  to   space 5248K,   0% used [0x00000000e3530000, 0x00000000e3530000, 0x00000000e3a50000)
 tenured generation   total 105176K, used 78869K [0x00000000eb2a0000, 0x00000000f1956000, 0x0000000100000000)
   the space 105176K,  74% used [0x00000000eb2a0000, 0x00000000effa5608, 0x00000000effa5800, 0x00000000f1956000)
 Metaspace       used 75278K, capacity 77246K, committed 77952K, reserved 1118208K
  class space    used 8442K, capacity 9187K, committed 9344K, reserved 1048576K
}
Event: 3829.753 GC heap after
{Heap after GC invocations=3636 (full 8):
 def new generation   total 47424K, used 587K [0x00000000e0c00000, 0x00000000e3f70000, 0x00000000eb2a0000)
  eden space 42176K,   0% used [0x00000000e0c00000, 0x00000000e0c00000, 0x00000000e3530000)
  from space 5248K,  11% used [0x00000000e3530000, 0x00000000e35c2db8, 0x00000000e3a50000)
  to   space 5248K,   0% used [0x00000000e3a50000, 0x00000000e3a50000, 0x00000000e3f70000)
 tenured generation   total 105176K, used 78869K [0x00000000eb2a0000, 0x00000000f1956000, 0x0000000100000000)
   the space 105176K,  74% used [0x00000000eb2a0000, 0x00000000effa5748, 0x00000000effa5800, 0x00000000f1956000)
 Metaspace       used 75278K, capacity 77246K, committed 77952K, reserved 1118208K
  class space    used 8442K, capacity 9187K, committed 9344K, reserved 1048576K
}

